0 (2) 1 (1) 1 (3) 4 (2) 5 (0) 6 (2) 8 (1) 9 (2)
0 (1) 2 (0)
1 (0) 2 (1) 3 (2) 4 (3) 5 (4) 6 (5)
-9 (1) 2 (0) 3 (3) 4 (2) 5 (3) 8 (1)
1 (0) 2 (1) 4 (2) 5 (3) 6 (4)
-31 (2) -30 (1) -29 (2) -20 (0) -11 (2) -10 (1) -9 (2)
90 (2) 99 (1) 99 (2)
0 (0) 1 (1) 2 (2) 3 (3) 4 (4) 5 (5)
1 (0) 2 (1)
100 (0)
-9 (0) -8 (2) -7 (4) 4 (6) 7 (5) 8 (3) 9 (1)
1 (2) 2 (1) 3 (0) 4 (1)
1 (0) 1 (1) 1 (2) 1 (3) 2 (4)
-2 (1) 0 (2)
100 (0) 1000 (1)
29 (2) 30 (1) 31 (2) 50 (0) 59 (2) 60 (1) 61 (2)
29 (2) 30 (1) 31 (2) 50 (3) 59 (0) 59 (2) 60 (1)
30 (1) 30 (3) 31 (2) 50 (0) 30 (3) 31 (2)
29 (2) 30 (1) 31 (2) 50 (0) 59 (1) 60 (2)
29 (2) 100 (2) 30 (1) 40 (2) 41 (3) 42 (4) 50 (0) 29 (2) 100 (2)